<?xml version="1.0" encoding="UTF-8"?>
<!-- Generated by org.testng.reporters.JUnitXMLReporter -->
<testsuite ignored="0" hostname="LAPTOP-79JCM0AS" failures="0" tests="3" name="Default test" time="46.642" errors="0" timestamp="31 May 2022 14:58:49 GMT">
  <testcase classname="com.crm.qa.tests.aboutTest" name="validatecoursename" time="0.114"/>
  <testcase classname="com.crm.qa.tests.aboutTest" name="validatecoursename2" time="0.057"/>
  <testcase classname="com.crm.qa.tests.aboutTest" name="nextPage" time="2.026"/>
</testsuite> <!-- Default test -->
